<?xml version="1.0" encoding="UTF-8"?>
<testng-results ignored="0" total="2" passed="2" failed="0" skipped="0">
  <reporter-output>
  </reporter-output>
  <suite started-at="2020-07-20T20:04:32 IST" name="Default suite" finished-at="2020-07-20T20:04:49 IST" duration-ms="16808">
    <groups>
    </groups>
    <test started-at="2020-07-20T20:04:32 IST" name="Default test" finished-at="2020-07-20T20:04:49 IST" duration-ms="16808">
      <class name="com.test.Login">
        <test-method is-config="true" signature="setUp()[pri:0, instance:com.test.Login@82de64a]" started-at="2020-07-20T20:04:32 IST" name="setUp" finished-at="2020-07-20T20:04:41 IST" duration-ms="8157" status="PASS">
          <reporter-output>
          </reporter-output>
        </test-method> <!-- setUp -->
        <test-method signature="login()[pri:1, instance:com.test.Login@82de64a]" started-at="2020-07-20T20:04:41 IST" name="login" finished-at="2020-07-20T20:04:41 IST" duration-ms="19" status="PASS">
          <reporter-output>
          </reporter-output>
        </test-method> <!-- login -->
        <test-method is-config="true" signature="close()[pri:0, instance:com.test.Login@82de64a]" started-at="2020-07-20T20:04:41 IST" name="close" finished-at="2020-07-20T20:04:41 IST" duration-ms="693" status="PASS">
          <reporter-output>
          </reporter-output>
        </test-method> <!-- close -->
        <test-method is-config="true" signature="setUp()[pri:0, instance:com.test.Login@82de64a]" started-at="2020-07-20T20:04:41 IST" name="setUp" finished-at="2020-07-20T20:04:48 IST" duration-ms="7058" status="PASS">
          <reporter-output>
          </reporter-output>
        </test-method> <!-- setUp -->
        <test-method signature="googleLogo()[pri:2, instance:com.test.Login@82de64a]" started-at="2020-07-20T20:04:48 IST" name="googleLogo" finished-at="2020-07-20T20:04:49 IST" duration-ms="112" status="PASS">
          <reporter-output>
          </reporter-output>
        </test-method> <!-- googleLogo -->
        <test-method is-config="true" signature="close()[pri:0, instance:com.test.Login@82de64a]" started-at="2020-07-20T20:04:49 IST" name="close" finished-at="2020-07-20T20:04:49 IST" duration-ms="680" status="PASS">
          <reporter-output>
          </reporter-output>
        </test-method> <!-- close -->
      </class> <!-- com.test.Login -->
    </test> <!-- Default test -->
  </suite> <!-- Default suite -->
</testng-results>
